[1.670s] DEBUG:colcon:Command line arguments: ['/usr/bin/colcon', 'build', '--packages-select']
[1.670s] DEBUG:colcon:Parsed command line arguments: Namespace(allow_overriding=[], ament_cmake_args=None, base_paths=['.'], build_base='build', catkin_cmake_args=None, catkin_skip_building_tests=False, cmake_args=None, cmake_clean_cache=False, cmake_clean_first=False, cmake_force_configure=False, cmake_target=None, cmake_target_skip_unavailable=False, continue_on_error=False, event_handlers=None, executor='parallel', ignore_user_meta=False, install_base='install', log_base=None, log_level=None, main=<bound method BuildVerb.main of <colcon_core.verb.build.BuildVerb object at 0x7f06ea977040>>, merge_install=False, metas=['./colcon.meta'], packages_above=None, packages_above_and_dependencies=None, packages_above_depth=None, packages_end=None, packages_ignore=None, packages_ignore_regex=None, packages_select=[], packages_select_build_failed=False, packages_select_by_dep=None, packages_select_regex=None, packages_select_test_failures=False, packages_skip=None, packages_skip_build_finished=False, packages_skip_by_dep=None, packages_skip_regex=None, packages_skip_test_passed=False, packages_skip_up_to=None, packages_start=None, packages_up_to=None, packages_up_to_regex=None, parallel_workers=16, paths=None, symlink_install=False, test_result_base=None, verb_extension=<colcon_core.verb.build.BuildVerb object at 0x7f06ea977040>, verb_name='build', verb_parser=<colcon_defaults.argument_parser.defaults.DefaultArgumentsDecorator object at 0x7f06ea935730>)
[1.745s] Level 1:colcon.colcon_core.package_discovery:discover_packages(colcon_meta) check parameters
[1.745s] Level 1:colcon.colcon_core.package_discovery:discover_packages(recursive) check parameters
[1.745s] Level 1:colcon.colcon_core.package_discovery:discover_packages(ignore) check parameters
[1.746s] Level 1:colcon.colcon_core.package_discovery:discover_packages(path) check parameters
[1.746s] Level 1:colcon.colcon_core.package_discovery:discover_packages(colcon_meta) discover
[1.746s] Level 1:colcon.colcon_core.package_discovery:discover_packages(recursive) discover
[1.746s] INFO:colcon.colcon_core.package_discovery:Crawling recursively for packages in '/home/pps/ros2_eloquent/src/cppProjects'
[1.746s] Level 1:colcon.colcon_core.package_identification:_identify(.) by extensions ['ignore', 'ignore_ament_install']
[1.746s] Level 1:colcon.colcon_core.package_identification:_identify(.) by extension 'ignore'
[1.746s] Level 1:colcon.colcon_core.package_identification:_identify(.) by extension 'ignore_ament_install'
[1.746s] Level 1:colcon.colcon_core.package_identification:_identify(.) by extensions ['colcon_pkg']
[1.746s] Level 1:colcon.colcon_core.package_identification:_identify(.) by extension 'colcon_pkg'
[1.746s] Level 1:colcon.colcon_core.package_identification:_identify(.) by extensions ['colcon_meta']
[1.746s] Level 1:colcon.colcon_core.package_identification:_identify(.) by extension 'colcon_meta'
[1.746s] Level 1:colcon.colcon_core.package_identification:_identify(.) by extensions ['ros']
[1.746s] Level 1:colcon.colcon_core.package_identification:_identify(.) by extension 'ros'
[1.755s] DEBUG:colcon.colcon_core.package_identification:Package '.' with type 'ros.ament_cmake' and name 'cppProjects'
[1.755s] Level 1:colcon.colcon_core.package_discovery:discover_packages(recursive) using defaults
[1.755s] Level 1:colcon.colcon_core.package_discovery:discover_packages(ignore) discover
[1.755s] Level 1:colcon.colcon_core.package_discovery:discover_packages(ignore) using defaults
[1.755s] Level 1:colcon.colcon_core.package_discovery:discover_packages(path) discover
[1.755s] Level 1:colcon.colcon_core.package_discovery:discover_packages(path) using defaults
[1.861s] INFO:colcon.colcon_core.package_selection:Skipping not selected package 'cppProjects' in '.'
[1.917s] Level 1:colcon.colcon_core.package_discovery:discover_packages(prefix_path) check parameters
[1.917s] Level 1:colcon.colcon_core.package_discovery:discover_packages(prefix_path) discover
[1.984s] DEBUG:colcon.colcon_installed_package_information.package_discovery:Found 306 installed packages in /home/pps/ros2_eloquent/install
[1.985s] Level 1:colcon.colcon_core.package_discovery:discover_packages(prefix_path) using defaults
[2.055s] INFO:colcon.colcon_core.executor:Executing jobs using 'parallel' executor
[2.094s] DEBUG:colcon.colcon_parallel_executor.executor.parallel:run_until_complete
[2.094s] DEBUG:colcon.colcon_parallel_executor.executor.parallel:closing loop
[2.094s] DEBUG:colcon.colcon_parallel_executor.executor.parallel:loop closed
[2.094s] DEBUG:colcon.colcon_parallel_executor.executor.parallel:run_until_complete finished with '0'
[2.094s] DEBUG:colcon.colcon_core.event_reactor:joining thread
[2.131s] INFO:colcon.colcon_core.plugin_system:Skipping extension 'colcon_notification.desktop_notification.terminal_notifier': Not used on non-Darwin systems
[2.131s] INFO:colcon.colcon_core.plugin_system:Skipping extension 'colcon_notification.desktop_notification.win32': Not used on non-Windows systems
[2.131s] INFO:colcon.colcon_notification.desktop_notification:Sending desktop notification using 'notify2'
[2.144s] DEBUG:colcon.colcon_core.event_reactor:joined thread
[2.175s] INFO:colcon.colcon_core.plugin_system:Skipping extension 'colcon_core.shell.bat': Not used on non-Windows systems
[2.175s] INFO:colcon.colcon_core.shell:Creating prefix script '/home/pps/ros2_eloquent/src/cppProjects/install/local_setup.ps1'
[2.176s] INFO:colcon.colcon_core.shell:Creating prefix util module '/home/pps/ros2_eloquent/src/cppProjects/install/_local_setup_util_ps1.py'
[2.177s] INFO:colcon.colcon_core.shell:Creating prefix chain script '/home/pps/ros2_eloquent/src/cppProjects/install/setup.ps1'
[2.211s] INFO:colcon.colcon_core.shell:Creating prefix script '/home/pps/ros2_eloquent/src/cppProjects/install/local_setup.sh'
[2.211s] INFO:colcon.colcon_core.shell:Creating prefix util module '/home/pps/ros2_eloquent/src/cppProjects/install/_local_setup_util_sh.py'
[2.212s] INFO:colcon.colcon_core.shell:Creating prefix chain script '/home/pps/ros2_eloquent/src/cppProjects/install/setup.sh'
[2.247s] INFO:colcon.colcon_core.shell:Creating prefix script '/home/pps/ros2_eloquent/src/cppProjects/install/local_setup.bash'
[2.247s] INFO:colcon.colcon_core.shell:Creating prefix chain script '/home/pps/ros2_eloquent/src/cppProjects/install/setup.bash'
[2.285s] INFO:colcon.colcon_core.shell:Creating prefix script '/home/pps/ros2_eloquent/src/cppProjects/install/local_setup.zsh'
[2.285s] INFO:colcon.colcon_core.shell:Creating prefix chain script '/home/pps/ros2_eloquent/src/cppProjects/install/setup.zsh'
